[2023-05-16 07:05:43,458] {manager.py:514} INFO - Processing files using up to 2 processes at a time 
[2023-05-16 07:05:43,630] {manager.py:515} INFO - Process each file at most once every 30 seconds
[2023-05-16 07:05:43,631] {manager.py:517} INFO - Checking for new files in /opt/airflow/dags every 300 seconds
[2023-05-16 07:05:43,653] {manager.py:663} INFO - Searching for files in /opt/airflow/dags
[2023-05-16 07:05:43,754] {manager.py:666} INFO - There are 0 files in /opt/airflow/dags
[2023-05-16 07:05:52,187] {manager.py:1065} INFO - Finding 'running' jobs without a recent heartbeat
[2023-05-16 07:05:52,188] {manager.py:1069} INFO - Failing jobs without heartbeat after 2023-05-16 07:00:52.188480+00:00
[2023-05-16 07:06:04,462] {manager.py:1065} INFO - Finding 'running' jobs without a recent heartbeat
[2023-05-16 07:06:04,478] {manager.py:1069} INFO - Failing jobs without heartbeat after 2023-05-16 07:01:04.478748+00:00
[2023-05-16 07:06:15,004] {manager.py:1065} INFO - Finding 'running' jobs without a recent heartbeat
[2023-05-16 07:06:15,085] {manager.py:1069} INFO - Failing jobs without heartbeat after 2023-05-16 07:01:15.085095+00:00
[2023-05-16 07:06:25,624] {manager.py:1065} INFO - Finding 'running' jobs without a recent heartbeat
[2023-05-16 07:06:25,664] {manager.py:1069} INFO - Failing jobs without heartbeat after 2023-05-16 07:01:25.663977+00:00
[2023-05-16 07:06:36,768] {manager.py:1065} INFO - Finding 'running' jobs without a recent heartbeat
[2023-05-16 07:06:36,768] {manager.py:1069} INFO - Failing jobs without heartbeat after 2023-05-16 07:01:36.768502+00:00
[2023-05-16 07:06:47,135] {manager.py:1065} INFO - Finding 'running' jobs without a recent heartbeat
[2023-05-16 07:06:47,195] {manager.py:1069} INFO - Failing jobs without heartbeat after 2023-05-16 07:01:47.195108+00:00
[2023-05-16 07:06:57,609] {manager.py:1065} INFO - Finding 'running' jobs without a recent heartbeat
[2023-05-16 07:06:57,610] {manager.py:1069} INFO - Failing jobs without heartbeat after 2023-05-16 07:01:57.610358+00:00
[2023-05-16 07:07:07,987] {manager.py:1065} INFO - Finding 'running' jobs without a recent heartbeat
[2023-05-16 07:07:08,024] {manager.py:1069} INFO - Failing jobs without heartbeat after 2023-05-16 07:02:08.024362+00:00
[2023-05-16 07:07:22,041] {manager.py:1065} INFO - Finding 'running' jobs without a recent heartbeat
[2023-05-16 07:07:22,042] {manager.py:1069} INFO - Failing jobs without heartbeat after 2023-05-16 07:02:22.042349+00:00
[2023-05-16 07:07:32,313] {manager.py:1065} INFO - Finding 'running' jobs without a recent heartbeat
[2023-05-16 07:07:33,065] {manager.py:1069} INFO - Failing jobs without heartbeat after 2023-05-16 07:02:33.020806+00:00
[2023-05-16 07:07:53,291] {manager.py:1065} INFO - Finding 'running' jobs without a recent heartbeat
[2023-05-16 07:07:53,675] {manager.py:1069} INFO - Failing jobs without heartbeat after 2023-05-16 07:02:53.675186+00:00
[2023-05-16 07:08:05,073] {manager.py:1065} INFO - Finding 'running' jobs without a recent heartbeat
[2023-05-16 07:08:05,074] {manager.py:1069} INFO - Failing jobs without heartbeat after 2023-05-16 07:03:05.074368+00:00
[2023-05-16 07:08:16,620] {manager.py:1065} INFO - Finding 'running' jobs without a recent heartbeat
[2023-05-16 07:08:16,793] {manager.py:1069} INFO - Failing jobs without heartbeat after 2023-05-16 07:03:16.793776+00:00
[2023-05-16 07:08:32,097] {manager.py:1065} INFO - Finding 'running' jobs without a recent heartbeat
[2023-05-16 07:08:32,249] {manager.py:1069} INFO - Failing jobs without heartbeat after 2023-05-16 07:03:32.249478+00:00
[2023-05-16 07:08:44,117] {manager.py:1065} INFO - Finding 'running' jobs without a recent heartbeat
[2023-05-16 07:08:44,118] {manager.py:1069} INFO - Failing jobs without heartbeat after 2023-05-16 07:03:44.118358+00:00
[2023-05-16 07:08:54,308] {manager.py:1065} INFO - Finding 'running' jobs without a recent heartbeat
[2023-05-16 07:08:54,309] {manager.py:1069} INFO - Failing jobs without heartbeat after 2023-05-16 07:03:54.309471+00:00
[2023-05-16 07:09:04,480] {manager.py:1065} INFO - Finding 'running' jobs without a recent heartbeat
[2023-05-16 07:09:04,481] {manager.py:1069} INFO - Failing jobs without heartbeat after 2023-05-16 07:04:04.481796+00:00
[2023-05-16 07:09:14,701] {manager.py:1065} INFO - Finding 'running' jobs without a recent heartbeat
[2023-05-16 07:09:14,748] {manager.py:1069} INFO - Failing jobs without heartbeat after 2023-05-16 07:04:14.748645+00:00
[2023-05-16 07:09:25,163] {manager.py:1065} INFO - Finding 'running' jobs without a recent heartbeat
[2023-05-16 07:09:25,163] {manager.py:1069} INFO - Failing jobs without heartbeat after 2023-05-16 07:04:25.163940+00:00
[2023-05-16 07:09:35,630] {manager.py:1065} INFO - Finding 'running' jobs without a recent heartbeat
[2023-05-16 07:09:35,631] {manager.py:1069} INFO - Failing jobs without heartbeat after 2023-05-16 07:04:35.631362+00:00
[2023-05-16 07:09:46,099] {manager.py:1065} INFO - Finding 'running' jobs without a recent heartbeat
[2023-05-16 07:09:46,100] {manager.py:1069} INFO - Failing jobs without heartbeat after 2023-05-16 07:04:46.100820+00:00
[2023-05-16 07:09:56,992] {manager.py:1065} INFO - Finding 'running' jobs without a recent heartbeat
[2023-05-16 07:09:57,061] {manager.py:1069} INFO - Failing jobs without heartbeat after 2023-05-16 07:04:57.061062+00:00
[2023-05-16 07:10:08,630] {manager.py:1065} INFO - Finding 'running' jobs without a recent heartbeat
[2023-05-16 07:10:08,630] {manager.py:1069} INFO - Failing jobs without heartbeat after 2023-05-16 07:05:08.630669+00:00
[2023-05-16 07:10:18,935] {manager.py:1065} INFO - Finding 'running' jobs without a recent heartbeat
[2023-05-16 07:10:18,951] {manager.py:1069} INFO - Failing jobs without heartbeat after 2023-05-16 07:05:18.945335+00:00
[2023-05-16 07:10:29,457] {manager.py:1065} INFO - Finding 'running' jobs without a recent heartbeat
[2023-05-16 07:10:29,536] {manager.py:1069} INFO - Failing jobs without heartbeat after 2023-05-16 07:05:29.536271+00:00
[2023-05-16 07:10:40,134] {manager.py:1065} INFO - Finding 'running' jobs without a recent heartbeat
[2023-05-16 07:10:40,134] {manager.py:1069} INFO - Failing jobs without heartbeat after 2023-05-16 07:05:40.134783+00:00
[2023-05-16 07:10:44,417] {manager.py:663} INFO - Searching for files in /opt/airflow/dags
[2023-05-16 07:10:44,578] {manager.py:666} INFO - There are 0 files in /opt/airflow/dags
[2023-05-16 07:10:50,963] {manager.py:1065} INFO - Finding 'running' jobs without a recent heartbeat
[2023-05-16 07:10:50,970] {manager.py:1069} INFO - Failing jobs without heartbeat after 2023-05-16 07:05:50.970868+00:00
[2023-05-16 07:11:02,016] {manager.py:1065} INFO - Finding 'running' jobs without a recent heartbeat
[2023-05-16 07:11:02,247] {manager.py:1069} INFO - Failing jobs without heartbeat after 2023-05-16 07:06:02.247301+00:00
[2023-05-16 07:11:12,696] {manager.py:1065} INFO - Finding 'running' jobs without a recent heartbeat
[2023-05-16 07:11:13,239] {manager.py:1069} INFO - Failing jobs without heartbeat after 2023-05-16 07:06:13.239469+00:00
[2023-05-16 07:11:28,577] {manager.py:1065} INFO - Finding 'running' jobs without a recent heartbeat
[2023-05-16 07:11:28,849] {manager.py:1069} INFO - Failing jobs without heartbeat after 2023-05-16 07:06:28.848975+00:00
[2023-05-16 07:11:45,201] {manager.py:1065} INFO - Finding 'running' jobs without a recent heartbeat
[2023-05-16 07:11:45,569] {manager.py:1069} INFO - Failing jobs without heartbeat after 2023-05-16 07:06:45.569675+00:00
[2023-05-16 07:11:58,789] {manager.py:1065} INFO - Finding 'running' jobs without a recent heartbeat
[2023-05-16 07:11:58,849] {manager.py:1069} INFO - Failing jobs without heartbeat after 2023-05-16 07:06:58.837311+00:00
[2023-05-16 07:12:10,931] {manager.py:1065} INFO - Finding 'running' jobs without a recent heartbeat
[2023-05-16 07:12:10,932] {manager.py:1069} INFO - Failing jobs without heartbeat after 2023-05-16 07:07:10.932402+00:00
[2023-05-16 07:12:21,506] {manager.py:1065} INFO - Finding 'running' jobs without a recent heartbeat
[2023-05-16 07:12:21,507] {manager.py:1069} INFO - Failing jobs without heartbeat after 2023-05-16 07:07:21.507109+00:00
[2023-05-16 07:12:32,035] {manager.py:1065} INFO - Finding 'running' jobs without a recent heartbeat
[2023-05-16 07:12:32,037] {manager.py:1069} INFO - Failing jobs without heartbeat after 2023-05-16 07:07:32.037249+00:00
[2023-05-16 07:12:43,103] {manager.py:1065} INFO - Finding 'running' jobs without a recent heartbeat
[2023-05-16 07:12:43,409] {manager.py:1069} INFO - Failing jobs without heartbeat after 2023-05-16 07:07:43.293102+00:00
[2023-05-16 07:12:54,757] {manager.py:1065} INFO - Finding 'running' jobs without a recent heartbeat
[2023-05-16 07:12:54,758] {manager.py:1069} INFO - Failing jobs without heartbeat after 2023-05-16 07:07:54.758140+00:00
[2023-05-16 07:13:05,374] {manager.py:1065} INFO - Finding 'running' jobs without a recent heartbeat
[2023-05-16 07:13:05,390] {manager.py:1069} INFO - Failing jobs without heartbeat after 2023-05-16 07:08:05.389633+00:00
[2023-05-16 07:13:17,458] {manager.py:1065} INFO - Finding 'running' jobs without a recent heartbeat
[2023-05-16 07:13:17,460] {manager.py:1069} INFO - Failing jobs without heartbeat after 2023-05-16 07:08:17.460470+00:00
[2023-05-16 07:13:28,774] {manager.py:1065} INFO - Finding 'running' jobs without a recent heartbeat
[2023-05-16 07:13:29,178] {manager.py:1069} INFO - Failing jobs without heartbeat after 2023-05-16 07:08:29.178677+00:00
[2023-05-16 07:13:45,930] {manager.py:1065} INFO - Finding 'running' jobs without a recent heartbeat
[2023-05-16 07:13:47,018] {manager.py:1069} INFO - Failing jobs without heartbeat after 2023-05-16 07:08:47.018364+00:00
[2023-05-16 07:14:14,471] {manager.py:1065} INFO - Finding 'running' jobs without a recent heartbeat
[2023-05-16 07:14:18,262] {manager.py:1069} INFO - Failing jobs without heartbeat after 2023-05-16 07:09:18.262414+00:00
[2023-05-16 07:15:29,452] {manager.py:1065} INFO - Finding 'running' jobs without a recent heartbeat
[2023-05-16 07:15:33,895] {manager.py:1069} INFO - Failing jobs without heartbeat after 2023-05-16 07:10:33.895760+00:00
[2023-05-16 07:17:35,933] {manager.py:663} INFO - Searching for files in /opt/airflow/dags
[2023-05-16 07:17:37,910] {manager.py:666} INFO - There are 0 files in /opt/airflow/dags
[2023-05-16 07:18:25,557] {manager.py:1065} INFO - Finding 'running' jobs without a recent heartbeat
[2023-05-16 07:18:30,021] {manager.py:1069} INFO - Failing jobs without heartbeat after 2023-05-16 07:13:30.021832+00:00
[2023-05-16 07:18:56,599] {manager.py:1065} INFO - Finding 'running' jobs without a recent heartbeat
[2023-05-16 07:18:59,418] {manager.py:1069} INFO - Failing jobs without heartbeat after 2023-05-16 07:13:59.418432+00:00
[2023-05-16 07:20:30,939] {manager.py:1065} INFO - Finding 'running' jobs without a recent heartbeat
[2023-05-16 07:20:38,026] {manager.py:1069} INFO - Failing jobs without heartbeat after 2023-05-16 07:15:38.026301+00:00
[2023-05-16 07:21:29,343] {manager.py:1065} INFO - Finding 'running' jobs without a recent heartbeat
[2023-05-16 07:21:33,191] {manager.py:1069} INFO - Failing jobs without heartbeat after 2023-05-16 07:16:33.191689+00:00
[2023-05-16 07:23:15,103] {manager.py:663} INFO - Searching for files in /opt/airflow/dags
[2023-05-16 07:23:27,567] {manager.py:666} INFO - There are 0 files in /opt/airflow/dags
[2023-05-16 07:24:53,183] {manager.py:1065} INFO - Finding 'running' jobs without a recent heartbeat
[2023-05-16 07:24:57,645] {manager.py:1069} INFO - Failing jobs without heartbeat after 2023-05-16 07:19:57.633315+00:00
[2023-05-16 07:26:35,750] {manager.py:1065} INFO - Finding 'running' jobs without a recent heartbeat
[2023-05-16 07:26:43,767] {manager.py:1069} INFO - Failing jobs without heartbeat after 2023-05-16 07:21:43.767575+00:00
[2023-05-16 07:28:23,447] {manager.py:663} INFO - Searching for files in /opt/airflow/dags
[2023-05-16 07:28:32,130] {manager.py:666} INFO - There are 0 files in /opt/airflow/dags
[2023-05-16 07:33:06,795] {manager.py:1065} INFO - Finding 'running' jobs without a recent heartbeat
[2023-05-16 07:33:22,078] {manager.py:1069} INFO - Failing jobs without heartbeat after 2023-05-16 07:28:20.305770+00:00
[2023-05-16 07:49:48,894] {manager.py:514} INFO - Processing files using up to 2 processes at a time 
[2023-05-16 07:49:48,902] {manager.py:515} INFO - Process each file at most once every 30 seconds
[2023-05-16 07:49:48,902] {manager.py:517} INFO - Checking for new files in /opt/airflow/dags every 300 seconds
[2023-05-16 07:49:48,902] {manager.py:663} INFO - Searching for files in /opt/airflow/dags
[2023-05-16 07:49:48,903] {manager.py:666} INFO - There are 0 files in /opt/airflow/dags
[2023-05-16 07:49:49,144] {manager.py:1065} INFO - Finding 'running' jobs without a recent heartbeat
[2023-05-16 07:49:49,144] {manager.py:1069} INFO - Failing jobs without heartbeat after 2023-05-16 07:44:49.144389+00:00
[2023-05-16 07:49:59,328] {manager.py:1065} INFO - Finding 'running' jobs without a recent heartbeat
[2023-05-16 07:49:59,328] {manager.py:1069} INFO - Failing jobs without heartbeat after 2023-05-16 07:44:59.328485+00:00
[2023-05-16 07:50:09,380] {manager.py:1065} INFO - Finding 'running' jobs without a recent heartbeat
[2023-05-16 07:50:09,380] {manager.py:1069} INFO - Failing jobs without heartbeat after 2023-05-16 07:45:09.380867+00:00
[2023-05-16 07:50:19,415] {manager.py:1065} INFO - Finding 'running' jobs without a recent heartbeat
[2023-05-16 07:50:19,416] {manager.py:1069} INFO - Failing jobs without heartbeat after 2023-05-16 07:45:19.416146+00:00
[2023-05-16 07:50:29,462] {manager.py:1065} INFO - Finding 'running' jobs without a recent heartbeat
[2023-05-16 07:50:29,462] {manager.py:1069} INFO - Failing jobs without heartbeat after 2023-05-16 07:45:29.462591+00:00
[2023-05-16 07:50:39,541] {manager.py:1065} INFO - Finding 'running' jobs without a recent heartbeat
[2023-05-16 07:50:39,542] {manager.py:1069} INFO - Failing jobs without heartbeat after 2023-05-16 07:45:39.542131+00:00
[2023-05-16 07:50:49,649] {manager.py:1065} INFO - Finding 'running' jobs without a recent heartbeat
[2023-05-16 07:50:49,650] {manager.py:1069} INFO - Failing jobs without heartbeat after 2023-05-16 07:45:49.650323+00:00
[2023-05-16 07:50:59,714] {manager.py:1065} INFO - Finding 'running' jobs without a recent heartbeat
[2023-05-16 07:50:59,715] {manager.py:1069} INFO - Failing jobs without heartbeat after 2023-05-16 07:45:59.715417+00:00
[2023-05-16 07:51:09,753] {manager.py:1065} INFO - Finding 'running' jobs without a recent heartbeat
[2023-05-16 07:51:09,753] {manager.py:1069} INFO - Failing jobs without heartbeat after 2023-05-16 07:46:09.753814+00:00
[2023-05-16 07:51:19,790] {manager.py:1065} INFO - Finding 'running' jobs without a recent heartbeat
[2023-05-16 07:51:19,790] {manager.py:1069} INFO - Failing jobs without heartbeat after 2023-05-16 07:46:19.790857+00:00
[2023-05-16 07:51:29,845] {manager.py:1065} INFO - Finding 'running' jobs without a recent heartbeat
[2023-05-16 07:51:29,845] {manager.py:1069} INFO - Failing jobs without heartbeat after 2023-05-16 07:46:29.845622+00:00
[2023-05-16 07:51:39,885] {manager.py:1065} INFO - Finding 'running' jobs without a recent heartbeat
[2023-05-16 07:51:39,886] {manager.py:1069} INFO - Failing jobs without heartbeat after 2023-05-16 07:46:39.886276+00:00
[2023-05-16 07:51:49,921] {manager.py:1065} INFO - Finding 'running' jobs without a recent heartbeat
[2023-05-16 07:51:49,921] {manager.py:1069} INFO - Failing jobs without heartbeat after 2023-05-16 07:46:49.921936+00:00
[2023-05-16 07:51:59,973] {manager.py:1065} INFO - Finding 'running' jobs without a recent heartbeat
[2023-05-16 07:51:59,974] {manager.py:1069} INFO - Failing jobs without heartbeat after 2023-05-16 07:46:59.974087+00:00
[2023-05-16 07:52:10,007] {manager.py:1065} INFO - Finding 'running' jobs without a recent heartbeat
[2023-05-16 07:52:10,007] {manager.py:1069} INFO - Failing jobs without heartbeat after 2023-05-16 07:47:10.007784+00:00
[2023-05-16 07:52:20,053] {manager.py:1065} INFO - Finding 'running' jobs without a recent heartbeat
[2023-05-16 07:52:20,054] {manager.py:1069} INFO - Failing jobs without heartbeat after 2023-05-16 07:47:20.054216+00:00
[2023-05-16 07:52:30,085] {manager.py:1065} INFO - Finding 'running' jobs without a recent heartbeat
[2023-05-16 07:52:30,085] {manager.py:1069} INFO - Failing jobs without heartbeat after 2023-05-16 07:47:30.085925+00:00
[2023-05-16 07:52:40,122] {manager.py:1065} INFO - Finding 'running' jobs without a recent heartbeat
[2023-05-16 07:52:40,123] {manager.py:1069} INFO - Failing jobs without heartbeat after 2023-05-16 07:47:40.123260+00:00
[2023-05-16 07:52:50,185] {manager.py:1065} INFO - Finding 'running' jobs without a recent heartbeat
[2023-05-16 07:52:50,186] {manager.py:1069} INFO - Failing jobs without heartbeat after 2023-05-16 07:47:50.186055+00:00
[2023-05-16 07:53:00,229] {manager.py:1065} INFO - Finding 'running' jobs without a recent heartbeat
[2023-05-16 07:53:00,229] {manager.py:1069} INFO - Failing jobs without heartbeat after 2023-05-16 07:48:00.229515+00:00
[2023-05-16 07:53:10,263] {manager.py:1065} INFO - Finding 'running' jobs without a recent heartbeat
[2023-05-16 07:53:10,263] {manager.py:1069} INFO - Failing jobs without heartbeat after 2023-05-16 07:48:10.263683+00:00
[2023-05-16 07:53:20,293] {manager.py:1065} INFO - Finding 'running' jobs without a recent heartbeat
[2023-05-16 07:53:20,293] {manager.py:1069} INFO - Failing jobs without heartbeat after 2023-05-16 07:48:20.293976+00:00
[2023-05-16 07:53:30,353] {manager.py:1065} INFO - Finding 'running' jobs without a recent heartbeat
[2023-05-16 07:53:30,354] {manager.py:1069} INFO - Failing jobs without heartbeat after 2023-05-16 07:48:30.354038+00:00
[2023-05-16 07:53:40,400] {manager.py:1065} INFO - Finding 'running' jobs without a recent heartbeat
[2023-05-16 07:53:40,400] {manager.py:1069} INFO - Failing jobs without heartbeat after 2023-05-16 07:48:40.400287+00:00
[2023-05-16 07:53:50,433] {manager.py:1065} INFO - Finding 'running' jobs without a recent heartbeat
[2023-05-16 07:53:50,433] {manager.py:1069} INFO - Failing jobs without heartbeat after 2023-05-16 07:48:50.433810+00:00
[2023-05-16 07:54:00,467] {manager.py:1065} INFO - Finding 'running' jobs without a recent heartbeat
[2023-05-16 07:54:00,467] {manager.py:1069} INFO - Failing jobs without heartbeat after 2023-05-16 07:49:00.467822+00:00
[2023-05-16 07:54:10,500] {manager.py:1065} INFO - Finding 'running' jobs without a recent heartbeat
[2023-05-16 07:54:10,500] {manager.py:1069} INFO - Failing jobs without heartbeat after 2023-05-16 07:49:10.500549+00:00
[2023-05-16 07:54:20,531] {manager.py:1065} INFO - Finding 'running' jobs without a recent heartbeat
[2023-05-16 07:54:20,531] {manager.py:1069} INFO - Failing jobs without heartbeat after 2023-05-16 07:49:20.531330+00:00
[2023-05-16 07:54:30,572] {manager.py:1065} INFO - Finding 'running' jobs without a recent heartbeat
[2023-05-16 07:54:30,572] {manager.py:1069} INFO - Failing jobs without heartbeat after 2023-05-16 07:49:30.572240+00:00
[2023-05-16 07:54:40,615] {manager.py:1065} INFO - Finding 'running' jobs without a recent heartbeat
[2023-05-16 07:54:40,615] {manager.py:1069} INFO - Failing jobs without heartbeat after 2023-05-16 07:49:40.615397+00:00
[2023-05-16 07:54:49,641] {manager.py:663} INFO - Searching for files in /opt/airflow/dags
[2023-05-16 07:54:49,657] {manager.py:666} INFO - There are 0 files in /opt/airflow/dags
[2023-05-16 07:54:50,716] {manager.py:1065} INFO - Finding 'running' jobs without a recent heartbeat
[2023-05-16 07:54:50,716] {manager.py:1069} INFO - Failing jobs without heartbeat after 2023-05-16 07:49:50.716818+00:00
[2023-05-16 07:55:00,747] {manager.py:1065} INFO - Finding 'running' jobs without a recent heartbeat
[2023-05-16 07:55:00,747] {manager.py:1069} INFO - Failing jobs without heartbeat after 2023-05-16 07:50:00.747634+00:00
[2023-05-16 07:55:10,786] {manager.py:1065} INFO - Finding 'running' jobs without a recent heartbeat
[2023-05-16 07:55:10,786] {manager.py:1069} INFO - Failing jobs without heartbeat after 2023-05-16 07:50:10.786721+00:00
[2023-05-16 07:55:20,819] {manager.py:1065} INFO - Finding 'running' jobs without a recent heartbeat
[2023-05-16 07:55:20,819] {manager.py:1069} INFO - Failing jobs without heartbeat after 2023-05-16 07:50:20.819404+00:00
[2023-05-16 07:55:30,857] {manager.py:1065} INFO - Finding 'running' jobs without a recent heartbeat
[2023-05-16 07:55:30,858] {manager.py:1069} INFO - Failing jobs without heartbeat after 2023-05-16 07:50:30.858644+00:00
[2023-05-16 07:55:40,911] {manager.py:1065} INFO - Finding 'running' jobs without a recent heartbeat
[2023-05-16 07:55:40,912] {manager.py:1069} INFO - Failing jobs without heartbeat after 2023-05-16 07:50:40.912000+00:00
[2023-05-16 07:55:50,964] {manager.py:1065} INFO - Finding 'running' jobs without a recent heartbeat
[2023-05-16 07:55:50,965] {manager.py:1069} INFO - Failing jobs without heartbeat after 2023-05-16 07:50:50.965701+00:00
[2023-05-16 07:56:01,023] {manager.py:1065} INFO - Finding 'running' jobs without a recent heartbeat
[2023-05-16 07:56:01,023] {manager.py:1069} INFO - Failing jobs without heartbeat after 2023-05-16 07:51:01.023558+00:00
[2023-05-16 07:56:11,047] {manager.py:1065} INFO - Finding 'running' jobs without a recent heartbeat
[2023-05-16 07:56:11,048] {manager.py:1069} INFO - Failing jobs without heartbeat after 2023-05-16 07:51:11.048135+00:00
[2023-05-16 07:56:21,101] {manager.py:1065} INFO - Finding 'running' jobs without a recent heartbeat
[2023-05-16 07:56:21,102] {manager.py:1069} INFO - Failing jobs without heartbeat after 2023-05-16 07:51:21.102748+00:00
[2023-05-16 07:56:31,185] {manager.py:1065} INFO - Finding 'running' jobs without a recent heartbeat
[2023-05-16 07:56:31,186] {manager.py:1069} INFO - Failing jobs without heartbeat after 2023-05-16 07:51:31.186029+00:00
[2023-05-16 07:56:41,225] {manager.py:1065} INFO - Finding 'running' jobs without a recent heartbeat
[2023-05-16 07:56:41,225] {manager.py:1069} INFO - Failing jobs without heartbeat after 2023-05-16 07:51:41.225677+00:00
[2023-05-16 07:56:51,264] {manager.py:1065} INFO - Finding 'running' jobs without a recent heartbeat
[2023-05-16 07:56:51,265] {manager.py:1069} INFO - Failing jobs without heartbeat after 2023-05-16 07:51:51.265323+00:00
[2023-05-16 07:57:01,291] {manager.py:1065} INFO - Finding 'running' jobs without a recent heartbeat
[2023-05-16 07:57:01,291] {manager.py:1069} INFO - Failing jobs without heartbeat after 2023-05-16 07:52:01.291828+00:00
[2023-05-16 07:57:11,325] {manager.py:1065} INFO - Finding 'running' jobs without a recent heartbeat
[2023-05-16 07:57:11,326] {manager.py:1069} INFO - Failing jobs without heartbeat after 2023-05-16 07:52:11.326381+00:00
[2023-05-16 07:57:21,363] {manager.py:1065} INFO - Finding 'running' jobs without a recent heartbeat
[2023-05-16 07:57:21,364] {manager.py:1069} INFO - Failing jobs without heartbeat after 2023-05-16 07:52:21.364112+00:00
[2023-05-16 07:57:31,401] {manager.py:1065} INFO - Finding 'running' jobs without a recent heartbeat
[2023-05-16 07:57:31,401] {manager.py:1069} INFO - Failing jobs without heartbeat after 2023-05-16 07:52:31.401625+00:00
[2023-05-16 07:57:41,435] {manager.py:1065} INFO - Finding 'running' jobs without a recent heartbeat
[2023-05-16 07:57:41,435] {manager.py:1069} INFO - Failing jobs without heartbeat after 2023-05-16 07:52:41.435586+00:00
[2023-05-16 07:57:51,471] {manager.py:1065} INFO - Finding 'running' jobs without a recent heartbeat
[2023-05-16 07:57:51,472] {manager.py:1069} INFO - Failing jobs without heartbeat after 2023-05-16 07:52:51.472144+00:00
[2023-05-16 07:58:01,509] {manager.py:1065} INFO - Finding 'running' jobs without a recent heartbeat
[2023-05-16 07:58:01,510] {manager.py:1069} INFO - Failing jobs without heartbeat after 2023-05-16 07:53:01.510238+00:00
[2023-05-16 07:58:11,549] {manager.py:1065} INFO - Finding 'running' jobs without a recent heartbeat
[2023-05-16 07:58:11,550] {manager.py:1069} INFO - Failing jobs without heartbeat after 2023-05-16 07:53:11.550042+00:00
[2023-05-16 07:58:21,612] {manager.py:1065} INFO - Finding 'running' jobs without a recent heartbeat
[2023-05-16 07:58:21,612] {manager.py:1069} INFO - Failing jobs without heartbeat after 2023-05-16 07:53:21.612895+00:00
[2023-05-16 07:58:31,654] {manager.py:1065} INFO - Finding 'running' jobs without a recent heartbeat
[2023-05-16 07:58:31,654] {manager.py:1069} INFO - Failing jobs without heartbeat after 2023-05-16 07:53:31.654806+00:00
[2023-05-16 07:58:41,696] {manager.py:1065} INFO - Finding 'running' jobs without a recent heartbeat
[2023-05-16 07:58:41,697] {manager.py:1069} INFO - Failing jobs without heartbeat after 2023-05-16 07:53:41.697258+00:00
[2023-05-16 07:58:51,737] {manager.py:1065} INFO - Finding 'running' jobs without a recent heartbeat
[2023-05-16 07:58:51,737] {manager.py:1069} INFO - Failing jobs without heartbeat after 2023-05-16 07:53:51.737935+00:00
[2023-05-16 07:59:01,772] {manager.py:1065} INFO - Finding 'running' jobs without a recent heartbeat
[2023-05-16 07:59:01,772] {manager.py:1069} INFO - Failing jobs without heartbeat after 2023-05-16 07:54:01.772309+00:00
[2023-05-16 07:59:11,804] {manager.py:1065} INFO - Finding 'running' jobs without a recent heartbeat
[2023-05-16 07:59:11,805] {manager.py:1069} INFO - Failing jobs without heartbeat after 2023-05-16 07:54:11.805011+00:00
[2023-05-16 07:59:21,851] {manager.py:1065} INFO - Finding 'running' jobs without a recent heartbeat
[2023-05-16 07:59:21,852] {manager.py:1069} INFO - Failing jobs without heartbeat after 2023-05-16 07:54:21.852192+00:00
[2023-05-16 07:59:31,891] {manager.py:1065} INFO - Finding 'running' jobs without a recent heartbeat
[2023-05-16 07:59:31,891] {manager.py:1069} INFO - Failing jobs without heartbeat after 2023-05-16 07:54:31.891940+00:00
[2023-05-16 07:59:41,926] {manager.py:1065} INFO - Finding 'running' jobs without a recent heartbeat
[2023-05-16 07:59:41,927] {manager.py:1069} INFO - Failing jobs without heartbeat after 2023-05-16 07:54:41.927393+00:00
[2023-05-16 07:59:49,957] {manager.py:663} INFO - Searching for files in /opt/airflow/dags
[2023-05-16 07:59:49,972] {manager.py:666} INFO - There are 0 files in /opt/airflow/dags
[2023-05-16 07:59:52,032] {manager.py:1065} INFO - Finding 'running' jobs without a recent heartbeat
[2023-05-16 07:59:52,032] {manager.py:1069} INFO - Failing jobs without heartbeat after 2023-05-16 07:54:52.032655+00:00
[2023-05-16 08:00:02,065] {manager.py:1065} INFO - Finding 'running' jobs without a recent heartbeat
[2023-05-16 08:00:02,065] {manager.py:1069} INFO - Failing jobs without heartbeat after 2023-05-16 07:55:02.065824+00:00
[2023-05-16 08:00:12,098] {manager.py:1065} INFO - Finding 'running' jobs without a recent heartbeat
[2023-05-16 08:00:12,098] {manager.py:1069} INFO - Failing jobs without heartbeat after 2023-05-16 07:55:12.098570+00:00
[2023-05-16 08:00:22,132] {manager.py:1065} INFO - Finding 'running' jobs without a recent heartbeat
[2023-05-16 08:00:22,132] {manager.py:1069} INFO - Failing jobs without heartbeat after 2023-05-16 07:55:22.132788+00:00
[2023-05-16 08:00:32,177] {manager.py:1065} INFO - Finding 'running' jobs without a recent heartbeat
[2023-05-16 08:00:32,177] {manager.py:1069} INFO - Failing jobs without heartbeat after 2023-05-16 07:55:32.177962+00:00
[2023-05-16 08:00:42,237] {manager.py:1065} INFO - Finding 'running' jobs without a recent heartbeat
[2023-05-16 08:00:42,238] {manager.py:1069} INFO - Failing jobs without heartbeat after 2023-05-16 07:55:42.237993+00:00
[2023-05-16 08:00:52,273] {manager.py:1065} INFO - Finding 'running' jobs without a recent heartbeat
[2023-05-16 08:00:52,274] {manager.py:1069} INFO - Failing jobs without heartbeat after 2023-05-16 07:55:52.274094+00:00
[2023-05-16 08:01:02,317] {manager.py:1065} INFO - Finding 'running' jobs without a recent heartbeat
[2023-05-16 08:01:02,318] {manager.py:1069} INFO - Failing jobs without heartbeat after 2023-05-16 07:56:02.318098+00:00
[2023-05-16 08:01:12,361] {manager.py:1065} INFO - Finding 'running' jobs without a recent heartbeat
[2023-05-16 08:01:12,361] {manager.py:1069} INFO - Failing jobs without heartbeat after 2023-05-16 07:56:12.361270+00:00
[2023-05-16 08:01:22,389] {manager.py:1065} INFO - Finding 'running' jobs without a recent heartbeat
[2023-05-16 08:01:22,390] {manager.py:1069} INFO - Failing jobs without heartbeat after 2023-05-16 07:56:22.390352+00:00
[2023-05-16 08:01:32,427] {manager.py:1065} INFO - Finding 'running' jobs without a recent heartbeat
[2023-05-16 08:01:32,428] {manager.py:1069} INFO - Failing jobs without heartbeat after 2023-05-16 07:56:32.428059+00:00
[2023-05-16 08:01:42,479] {manager.py:1065} INFO - Finding 'running' jobs without a recent heartbeat
[2023-05-16 08:01:42,479] {manager.py:1069} INFO - Failing jobs without heartbeat after 2023-05-16 07:56:42.479377+00:00
[2023-05-16 08:01:52,527] {manager.py:1065} INFO - Finding 'running' jobs without a recent heartbeat
[2023-05-16 08:01:52,528] {manager.py:1069} INFO - Failing jobs without heartbeat after 2023-05-16 07:56:52.528189+00:00
[2023-05-16 08:02:02,572] {manager.py:1065} INFO - Finding 'running' jobs without a recent heartbeat
[2023-05-16 08:02:02,573] {manager.py:1069} INFO - Failing jobs without heartbeat after 2023-05-16 07:57:02.573237+00:00
[2023-05-16 08:02:12,647] {manager.py:1065} INFO - Finding 'running' jobs without a recent heartbeat
[2023-05-16 08:02:12,657] {manager.py:1069} INFO - Failing jobs without heartbeat after 2023-05-16 07:57:12.657219+00:00
[2023-05-16 08:02:22,777] {manager.py:1065} INFO - Finding 'running' jobs without a recent heartbeat
[2023-05-16 08:02:22,777] {manager.py:1069} INFO - Failing jobs without heartbeat after 2023-05-16 07:57:22.777373+00:00
[2023-05-16 08:02:32,821] {manager.py:1065} INFO - Finding 'running' jobs without a recent heartbeat
[2023-05-16 08:02:32,822] {manager.py:1069} INFO - Failing jobs without heartbeat after 2023-05-16 07:57:32.821992+00:00
[2023-05-16 08:02:42,924] {manager.py:1065} INFO - Finding 'running' jobs without a recent heartbeat
[2023-05-16 08:02:42,926] {manager.py:1069} INFO - Failing jobs without heartbeat after 2023-05-16 07:57:42.926345+00:00
[2023-05-16 08:02:53,008] {manager.py:1065} INFO - Finding 'running' jobs without a recent heartbeat
[2023-05-16 08:02:53,009] {manager.py:1069} INFO - Failing jobs without heartbeat after 2023-05-16 07:57:53.009173+00:00
[2023-05-16 08:03:03,041] {manager.py:1065} INFO - Finding 'running' jobs without a recent heartbeat
[2023-05-16 08:03:03,045] {manager.py:1069} INFO - Failing jobs without heartbeat after 2023-05-16 07:58:03.045776+00:00
[2023-05-16 08:03:13,078] {manager.py:1065} INFO - Finding 'running' jobs without a recent heartbeat
[2023-05-16 08:03:13,078] {manager.py:1069} INFO - Failing jobs without heartbeat after 2023-05-16 07:58:13.078624+00:00
[2023-05-16 08:03:23,117] {manager.py:1065} INFO - Finding 'running' jobs without a recent heartbeat
[2023-05-16 08:03:23,117] {manager.py:1069} INFO - Failing jobs without heartbeat after 2023-05-16 07:58:23.117894+00:00
[2023-05-16 08:03:33,159] {manager.py:1065} INFO - Finding 'running' jobs without a recent heartbeat
[2023-05-16 08:03:33,159] {manager.py:1069} INFO - Failing jobs without heartbeat after 2023-05-16 07:58:33.159890+00:00
[2023-05-16 08:03:43,193] {manager.py:1065} INFO - Finding 'running' jobs without a recent heartbeat
[2023-05-16 08:03:43,193] {manager.py:1069} INFO - Failing jobs without heartbeat after 2023-05-16 07:58:43.193914+00:00
[2023-05-16 08:03:53,221] {manager.py:1065} INFO - Finding 'running' jobs without a recent heartbeat
[2023-05-16 08:03:53,221] {manager.py:1069} INFO - Failing jobs without heartbeat after 2023-05-16 07:58:53.221923+00:00
[2023-05-16 08:04:03,258] {manager.py:1065} INFO - Finding 'running' jobs without a recent heartbeat
[2023-05-16 08:04:03,258] {manager.py:1069} INFO - Failing jobs without heartbeat after 2023-05-16 07:59:03.258539+00:00
[2023-05-16 08:04:13,294] {manager.py:1065} INFO - Finding 'running' jobs without a recent heartbeat
[2023-05-16 08:04:13,294] {manager.py:1069} INFO - Failing jobs without heartbeat after 2023-05-16 07:59:13.294598+00:00
[2023-05-16 08:04:23,329] {manager.py:1065} INFO - Finding 'running' jobs without a recent heartbeat
[2023-05-16 08:04:23,330] {manager.py:1069} INFO - Failing jobs without heartbeat after 2023-05-16 07:59:23.330067+00:00
[2023-05-16 08:04:33,366] {manager.py:1065} INFO - Finding 'running' jobs without a recent heartbeat
[2023-05-16 08:04:33,366] {manager.py:1069} INFO - Failing jobs without heartbeat after 2023-05-16 07:59:33.366504+00:00
[2023-05-16 08:04:43,411] {manager.py:1065} INFO - Finding 'running' jobs without a recent heartbeat
[2023-05-16 08:04:43,412] {manager.py:1069} INFO - Failing jobs without heartbeat after 2023-05-16 07:59:43.412237+00:00
[2023-05-16 08:04:50,446] {manager.py:663} INFO - Searching for files in /opt/airflow/dags
[2023-05-16 08:04:50,477] {manager.py:666} INFO - There are 0 files in /opt/airflow/dags
[2023-05-16 08:04:53,578] {manager.py:1065} INFO - Finding 'running' jobs without a recent heartbeat
[2023-05-16 08:04:53,578] {manager.py:1069} INFO - Failing jobs without heartbeat after 2023-05-16 07:59:53.578492+00:00
[2023-05-16 08:05:03,621] {manager.py:1065} INFO - Finding 'running' jobs without a recent heartbeat
[2023-05-16 08:05:03,625] {manager.py:1069} INFO - Failing jobs without heartbeat after 2023-05-16 08:00:03.625204+00:00
[2023-05-16 08:05:13,692] {manager.py:1065} INFO - Finding 'running' jobs without a recent heartbeat
[2023-05-16 08:05:13,692] {manager.py:1069} INFO - Failing jobs without heartbeat after 2023-05-16 08:00:13.692603+00:00
[2023-05-16 08:05:23,727] {manager.py:1065} INFO - Finding 'running' jobs without a recent heartbeat
[2023-05-16 08:05:23,727] {manager.py:1069} INFO - Failing jobs without heartbeat after 2023-05-16 08:00:23.727490+00:00
[2023-05-16 08:05:33,846] {manager.py:1065} INFO - Finding 'running' jobs without a recent heartbeat
[2023-05-16 08:05:33,856] {manager.py:1069} INFO - Failing jobs without heartbeat after 2023-05-16 08:00:33.856163+00:00
[2023-05-16 08:05:44,100] {manager.py:1065} INFO - Finding 'running' jobs without a recent heartbeat
[2023-05-16 08:05:44,100] {manager.py:1069} INFO - Failing jobs without heartbeat after 2023-05-16 08:00:44.100595+00:00
[2023-05-16 08:05:54,137] {manager.py:1065} INFO - Finding 'running' jobs without a recent heartbeat
[2023-05-16 08:05:54,138] {manager.py:1069} INFO - Failing jobs without heartbeat after 2023-05-16 08:00:54.138116+00:00
[2023-05-16 08:06:04,197] {manager.py:1065} INFO - Finding 'running' jobs without a recent heartbeat
[2023-05-16 08:06:04,198] {manager.py:1069} INFO - Failing jobs without heartbeat after 2023-05-16 08:01:04.198345+00:00
[2023-05-16 08:06:14,365] {manager.py:1065} INFO - Finding 'running' jobs without a recent heartbeat
[2023-05-16 08:06:14,365] {manager.py:1069} INFO - Failing jobs without heartbeat after 2023-05-16 08:01:14.365839+00:00
[2023-05-16 08:06:24,425] {manager.py:1065} INFO - Finding 'running' jobs without a recent heartbeat
[2023-05-16 08:06:24,439] {manager.py:1069} INFO - Failing jobs without heartbeat after 2023-05-16 08:01:24.439158+00:00
[2023-05-16 08:06:34,895] {manager.py:1065} INFO - Finding 'running' jobs without a recent heartbeat
[2023-05-16 08:06:34,897] {manager.py:1069} INFO - Failing jobs without heartbeat after 2023-05-16 08:01:34.897558+00:00
[2023-05-16 08:06:44,989] {manager.py:1065} INFO - Finding 'running' jobs without a recent heartbeat
[2023-05-16 08:06:44,990] {manager.py:1069} INFO - Failing jobs without heartbeat after 2023-05-16 08:01:44.990310+00:00
[2023-05-16 08:06:55,074] {manager.py:1065} INFO - Finding 'running' jobs without a recent heartbeat
[2023-05-16 08:06:55,075] {manager.py:1069} INFO - Failing jobs without heartbeat after 2023-05-16 08:01:55.075258+00:00
[2023-05-16 08:07:05,111] {manager.py:1065} INFO - Finding 'running' jobs without a recent heartbeat
[2023-05-16 08:07:05,111] {manager.py:1069} INFO - Failing jobs without heartbeat after 2023-05-16 08:02:05.111928+00:00
[2023-05-16 08:07:15,153] {manager.py:1065} INFO - Finding 'running' jobs without a recent heartbeat
[2023-05-16 08:07:15,153] {manager.py:1069} INFO - Failing jobs without heartbeat after 2023-05-16 08:02:15.153640+00:00
[2023-05-16 08:07:25,202] {manager.py:1065} INFO - Finding 'running' jobs without a recent heartbeat
[2023-05-16 08:07:25,203] {manager.py:1069} INFO - Failing jobs without heartbeat after 2023-05-16 08:02:25.203629+00:00
[2023-05-16 08:07:35,260] {manager.py:1065} INFO - Finding 'running' jobs without a recent heartbeat
[2023-05-16 08:07:35,260] {manager.py:1069} INFO - Failing jobs without heartbeat after 2023-05-16 08:02:35.260415+00:00
[2023-05-16 08:07:45,301] {manager.py:1065} INFO - Finding 'running' jobs without a recent heartbeat
[2023-05-16 08:07:45,301] {manager.py:1069} INFO - Failing jobs without heartbeat after 2023-05-16 08:02:45.301719+00:00
[2023-05-16 08:07:55,373] {manager.py:1065} INFO - Finding 'running' jobs without a recent heartbeat
[2023-05-16 08:07:55,373] {manager.py:1069} INFO - Failing jobs without heartbeat after 2023-05-16 08:02:55.373841+00:00
[2023-05-16 08:08:05,409] {manager.py:1065} INFO - Finding 'running' jobs without a recent heartbeat
[2023-05-16 08:08:05,409] {manager.py:1069} INFO - Failing jobs without heartbeat after 2023-05-16 08:03:05.409967+00:00
[2023-05-16 08:08:15,441] {manager.py:1065} INFO - Finding 'running' jobs without a recent heartbeat
[2023-05-16 08:08:15,442] {manager.py:1069} INFO - Failing jobs without heartbeat after 2023-05-16 08:03:15.441983+00:00
[2023-05-16 08:08:25,480] {manager.py:1065} INFO - Finding 'running' jobs without a recent heartbeat
[2023-05-16 08:08:25,480] {manager.py:1069} INFO - Failing jobs without heartbeat after 2023-05-16 08:03:25.480809+00:00
[2023-05-16 08:08:35,517] {manager.py:1065} INFO - Finding 'running' jobs without a recent heartbeat
[2023-05-16 08:08:35,518] {manager.py:1069} INFO - Failing jobs without heartbeat after 2023-05-16 08:03:35.518296+00:00
[2023-05-16 08:08:45,579] {manager.py:1065} INFO - Finding 'running' jobs without a recent heartbeat
[2023-05-16 08:08:45,579] {manager.py:1069} INFO - Failing jobs without heartbeat after 2023-05-16 08:03:45.579502+00:00
[2023-05-16 08:08:55,620] {manager.py:1065} INFO - Finding 'running' jobs without a recent heartbeat
[2023-05-16 08:08:55,620] {manager.py:1069} INFO - Failing jobs without heartbeat after 2023-05-16 08:03:55.620695+00:00
[2023-05-16 08:09:05,656] {manager.py:1065} INFO - Finding 'running' jobs without a recent heartbeat
[2023-05-16 08:09:05,656] {manager.py:1069} INFO - Failing jobs without heartbeat after 2023-05-16 08:04:05.656344+00:00
[2023-05-16 08:09:15,692] {manager.py:1065} INFO - Finding 'running' jobs without a recent heartbeat
[2023-05-16 08:09:15,693] {manager.py:1069} INFO - Failing jobs without heartbeat after 2023-05-16 08:04:15.693003+00:00
[2023-05-16 08:09:25,749] {manager.py:1065} INFO - Finding 'running' jobs without a recent heartbeat
[2023-05-16 08:09:25,750] {manager.py:1069} INFO - Failing jobs without heartbeat after 2023-05-16 08:04:25.750439+00:00
[2023-05-16 08:09:35,833] {manager.py:1065} INFO - Finding 'running' jobs without a recent heartbeat
[2023-05-16 08:09:35,856] {manager.py:1069} INFO - Failing jobs without heartbeat after 2023-05-16 08:04:35.855745+00:00
[2023-05-16 08:09:46,140] {manager.py:1065} INFO - Finding 'running' jobs without a recent heartbeat
[2023-05-16 08:09:46,141] {manager.py:1069} INFO - Failing jobs without heartbeat after 2023-05-16 08:04:46.141609+00:00
[2023-05-16 08:09:51,196] {manager.py:663} INFO - Searching for files in /opt/airflow/dags
[2023-05-16 08:09:51,208] {manager.py:666} INFO - There are 0 files in /opt/airflow/dags
[2023-05-16 08:09:56,283] {manager.py:1065} INFO - Finding 'running' jobs without a recent heartbeat
[2023-05-16 08:09:56,283] {manager.py:1069} INFO - Failing jobs without heartbeat after 2023-05-16 08:04:56.283819+00:00
[2023-05-16 08:10:06,340] {manager.py:1065} INFO - Finding 'running' jobs without a recent heartbeat
[2023-05-16 08:10:06,340] {manager.py:1069} INFO - Failing jobs without heartbeat after 2023-05-16 08:05:06.340330+00:00
[2023-05-16 08:10:16,804] {manager.py:1065} INFO - Finding 'running' jobs without a recent heartbeat
[2023-05-16 08:10:17,246] {manager.py:1069} INFO - Failing jobs without heartbeat after 2023-05-16 08:05:17.246034+00:00
[2023-05-16 08:10:29,720] {manager.py:1065} INFO - Finding 'running' jobs without a recent heartbeat
[2023-05-16 08:10:29,825] {manager.py:1069} INFO - Failing jobs without heartbeat after 2023-05-16 08:05:29.825783+00:00
[2023-05-16 08:10:40,904] {manager.py:1065} INFO - Finding 'running' jobs without a recent heartbeat
[2023-05-16 08:10:40,924] {manager.py:1069} INFO - Failing jobs without heartbeat after 2023-05-16 08:05:40.924235+00:00
[2023-05-16 08:10:51,181] {manager.py:1065} INFO - Finding 'running' jobs without a recent heartbeat
[2023-05-16 08:10:51,182] {manager.py:1069} INFO - Failing jobs without heartbeat after 2023-05-16 08:05:51.182238+00:00
[2023-05-16 08:11:01,712] {manager.py:1065} INFO - Finding 'running' jobs without a recent heartbeat
[2023-05-16 08:11:02,659] {manager.py:1069} INFO - Failing jobs without heartbeat after 2023-05-16 08:06:02.659003+00:00
[2023-05-16 08:11:17,383] {manager.py:1065} INFO - Finding 'running' jobs without a recent heartbeat
[2023-05-16 08:11:17,607] {manager.py:1069} INFO - Failing jobs without heartbeat after 2023-05-16 08:06:17.607781+00:00
[2023-05-16 08:11:29,270] {manager.py:1065} INFO - Finding 'running' jobs without a recent heartbeat
[2023-05-16 08:11:29,286] {manager.py:1069} INFO - Failing jobs without heartbeat after 2023-05-16 08:06:29.286653+00:00
[2023-05-16 08:11:40,099] {manager.py:1065} INFO - Finding 'running' jobs without a recent heartbeat
[2023-05-16 08:11:40,100] {manager.py:1069} INFO - Failing jobs without heartbeat after 2023-05-16 08:06:40.100489+00:00
[2023-05-16 08:11:50,156] {manager.py:1065} INFO - Finding 'running' jobs without a recent heartbeat
[2023-05-16 08:11:50,158] {manager.py:1069} INFO - Failing jobs without heartbeat after 2023-05-16 08:06:50.157957+00:00
[2023-05-16 08:12:00,220] {manager.py:1065} INFO - Finding 'running' jobs without a recent heartbeat
[2023-05-16 08:12:00,220] {manager.py:1069} INFO - Failing jobs without heartbeat after 2023-05-16 08:07:00.220716+00:00
[2023-05-16 08:12:10,257] {manager.py:1065} INFO - Finding 'running' jobs without a recent heartbeat
[2023-05-16 08:12:10,258] {manager.py:1069} INFO - Failing jobs without heartbeat after 2023-05-16 08:07:10.258023+00:00
[2023-05-16 08:12:20,293] {manager.py:1065} INFO - Finding 'running' jobs without a recent heartbeat
[2023-05-16 08:12:20,293] {manager.py:1069} INFO - Failing jobs without heartbeat after 2023-05-16 08:07:20.293813+00:00
[2023-05-16 08:12:30,335] {manager.py:1065} INFO - Finding 'running' jobs without a recent heartbeat
[2023-05-16 08:12:30,336] {manager.py:1069} INFO - Failing jobs without heartbeat after 2023-05-16 08:07:30.336847+00:00
[2023-05-16 08:12:40,416] {manager.py:1065} INFO - Finding 'running' jobs without a recent heartbeat
[2023-05-16 08:12:40,426] {manager.py:1069} INFO - Failing jobs without heartbeat after 2023-05-16 08:07:40.426826+00:00
[2023-05-16 08:12:50,628] {manager.py:1065} INFO - Finding 'running' jobs without a recent heartbeat
[2023-05-16 08:12:50,655] {manager.py:1069} INFO - Failing jobs without heartbeat after 2023-05-16 08:07:50.655281+00:00
[2023-05-16 08:13:00,951] {manager.py:1065} INFO - Finding 'running' jobs without a recent heartbeat
[2023-05-16 08:13:00,952] {manager.py:1069} INFO - Failing jobs without heartbeat after 2023-05-16 08:08:00.952028+00:00
[2023-05-16 08:13:10,994] {manager.py:1065} INFO - Finding 'running' jobs without a recent heartbeat
[2023-05-16 08:13:10,995] {manager.py:1069} INFO - Failing jobs without heartbeat after 2023-05-16 08:08:10.995146+00:00
[2023-05-16 08:13:21,066] {manager.py:1065} INFO - Finding 'running' jobs without a recent heartbeat
[2023-05-16 08:13:21,066] {manager.py:1069} INFO - Failing jobs without heartbeat after 2023-05-16 08:08:21.066935+00:00
[2023-05-16 08:13:31,113] {manager.py:1065} INFO - Finding 'running' jobs without a recent heartbeat
[2023-05-16 08:13:31,114] {manager.py:1069} INFO - Failing jobs without heartbeat after 2023-05-16 08:08:31.114180+00:00
[2023-05-16 08:13:41,197] {manager.py:1065} INFO - Finding 'running' jobs without a recent heartbeat
[2023-05-16 08:13:41,197] {manager.py:1069} INFO - Failing jobs without heartbeat after 2023-05-16 08:08:41.197893+00:00
[2023-05-16 08:13:51,231] {manager.py:1065} INFO - Finding 'running' jobs without a recent heartbeat
[2023-05-16 08:13:51,232] {manager.py:1069} INFO - Failing jobs without heartbeat after 2023-05-16 08:08:51.232872+00:00
[2023-05-16 08:14:01,278] {manager.py:1065} INFO - Finding 'running' jobs without a recent heartbeat
[2023-05-16 08:14:01,279] {manager.py:1069} INFO - Failing jobs without heartbeat after 2023-05-16 08:09:01.279546+00:00
[2023-05-16 08:14:11,317] {manager.py:1065} INFO - Finding 'running' jobs without a recent heartbeat
[2023-05-16 08:14:11,318] {manager.py:1069} INFO - Failing jobs without heartbeat after 2023-05-16 08:09:11.318129+00:00
[2023-05-16 08:14:21,349] {manager.py:1065} INFO - Finding 'running' jobs without a recent heartbeat
[2023-05-16 08:14:21,349] {manager.py:1069} INFO - Failing jobs without heartbeat after 2023-05-16 08:09:21.349717+00:00
[2023-05-16 08:14:31,717] {manager.py:1065} INFO - Finding 'running' jobs without a recent heartbeat
[2023-05-16 08:14:31,718] {manager.py:1069} INFO - Failing jobs without heartbeat after 2023-05-16 08:09:31.718555+00:00
[2023-05-16 08:14:41,773] {manager.py:1065} INFO - Finding 'running' jobs without a recent heartbeat
[2023-05-16 08:14:41,774] {manager.py:1069} INFO - Failing jobs without heartbeat after 2023-05-16 08:09:41.774322+00:00
[2023-05-16 08:14:51,812] {manager.py:663} INFO - Searching for files in /opt/airflow/dags
[2023-05-16 08:14:51,834] {manager.py:666} INFO - There are 0 files in /opt/airflow/dags
[2023-05-16 08:14:51,924] {manager.py:1065} INFO - Finding 'running' jobs without a recent heartbeat
[2023-05-16 08:14:51,928] {manager.py:1069} INFO - Failing jobs without heartbeat after 2023-05-16 08:09:51.928332+00:00
[2023-05-16 08:15:01,981] {manager.py:1065} INFO - Finding 'running' jobs without a recent heartbeat
[2023-05-16 08:15:01,982] {manager.py:1069} INFO - Failing jobs without heartbeat after 2023-05-16 08:10:01.982373+00:00
[2023-05-16 08:15:12,016] {manager.py:1065} INFO - Finding 'running' jobs without a recent heartbeat
[2023-05-16 08:15:12,016] {manager.py:1069} INFO - Failing jobs without heartbeat after 2023-05-16 08:10:12.016201+00:00
[2023-05-16 08:15:22,092] {manager.py:1065} INFO - Finding 'running' jobs without a recent heartbeat
[2023-05-16 08:15:22,092] {manager.py:1069} INFO - Failing jobs without heartbeat after 2023-05-16 08:10:22.092889+00:00
[2023-05-16 08:15:32,135] {manager.py:1065} INFO - Finding 'running' jobs without a recent heartbeat
[2023-05-16 08:15:32,136] {manager.py:1069} INFO - Failing jobs without heartbeat after 2023-05-16 08:10:32.136001+00:00
[2023-05-16 08:15:42,177] {manager.py:1065} INFO - Finding 'running' jobs without a recent heartbeat
[2023-05-16 08:15:42,177] {manager.py:1069} INFO - Failing jobs without heartbeat after 2023-05-16 08:10:42.177885+00:00
[2023-05-16 08:15:52,221] {manager.py:1065} INFO - Finding 'running' jobs without a recent heartbeat
[2023-05-16 08:15:52,222] {manager.py:1069} INFO - Failing jobs without heartbeat after 2023-05-16 08:10:52.221970+00:00
[2023-05-16 08:16:02,266] {manager.py:1065} INFO - Finding 'running' jobs without a recent heartbeat
[2023-05-16 08:16:02,269] {manager.py:1069} INFO - Failing jobs without heartbeat after 2023-05-16 08:11:02.269010+00:00
[2023-05-16 08:16:12,431] {manager.py:1065} INFO - Finding 'running' jobs without a recent heartbeat
[2023-05-16 08:16:12,432] {manager.py:1069} INFO - Failing jobs without heartbeat after 2023-05-16 08:11:12.432447+00:00
[2023-05-16 08:16:22,496] {manager.py:1065} INFO - Finding 'running' jobs without a recent heartbeat
[2023-05-16 08:16:22,510] {manager.py:1069} INFO - Failing jobs without heartbeat after 2023-05-16 08:11:22.510376+00:00
[2023-05-16 08:16:32,723] {manager.py:1065} INFO - Finding 'running' jobs without a recent heartbeat
[2023-05-16 08:16:32,783] {manager.py:1069} INFO - Failing jobs without heartbeat after 2023-05-16 08:11:32.783404+00:00
[2023-05-16 08:16:46,555] {manager.py:1065} INFO - Finding 'running' jobs without a recent heartbeat
[2023-05-16 08:16:47,440] {manager.py:1069} INFO - Failing jobs without heartbeat after 2023-05-16 08:11:47.440797+00:00
[2023-05-16 08:17:00,298] {manager.py:1065} INFO - Finding 'running' jobs without a recent heartbeat
[2023-05-16 08:17:00,717] {manager.py:1069} INFO - Failing jobs without heartbeat after 2023-05-16 08:12:00.716916+00:00
[2023-05-16 08:17:15,735] {manager.py:1065} INFO - Finding 'running' jobs without a recent heartbeat
[2023-05-16 08:17:16,171] {manager.py:1069} INFO - Failing jobs without heartbeat after 2023-05-16 08:12:16.171002+00:00
[2023-05-16 08:17:33,609] {manager.py:1065} INFO - Finding 'running' jobs without a recent heartbeat
[2023-05-16 08:17:33,939] {manager.py:1069} INFO - Failing jobs without heartbeat after 2023-05-16 08:12:33.939206+00:00
[2023-05-16 08:17:47,998] {manager.py:1065} INFO - Finding 'running' jobs without a recent heartbeat
[2023-05-16 08:17:48,260] {manager.py:1069} INFO - Failing jobs without heartbeat after 2023-05-16 08:12:48.260535+00:00
[2023-05-16 08:17:59,341] {manager.py:1065} INFO - Finding 'running' jobs without a recent heartbeat
[2023-05-16 08:17:59,342] {manager.py:1069} INFO - Failing jobs without heartbeat after 2023-05-16 08:12:59.342430+00:00
[2023-05-16 08:18:09,465] {manager.py:1065} INFO - Finding 'running' jobs without a recent heartbeat
[2023-05-16 08:18:09,466] {manager.py:1069} INFO - Failing jobs without heartbeat after 2023-05-16 08:13:09.465981+00:00
[2023-05-16 08:18:19,999] {manager.py:1065} INFO - Finding 'running' jobs without a recent heartbeat
[2023-05-16 08:18:19,999] {manager.py:1069} INFO - Failing jobs without heartbeat after 2023-05-16 08:13:19.999489+00:00
[2023-05-16 08:18:30,291] {manager.py:1065} INFO - Finding 'running' jobs without a recent heartbeat
[2023-05-16 08:18:30,315] {manager.py:1069} INFO - Failing jobs without heartbeat after 2023-05-16 08:13:30.315914+00:00
[2023-05-16 08:18:40,617] {manager.py:1065} INFO - Finding 'running' jobs without a recent heartbeat
[2023-05-16 08:18:40,618] {manager.py:1069} INFO - Failing jobs without heartbeat after 2023-05-16 08:13:40.617999+00:00
[2023-05-16 08:18:51,013] {manager.py:1065} INFO - Finding 'running' jobs without a recent heartbeat
[2023-05-16 08:18:51,121] {manager.py:1069} INFO - Failing jobs without heartbeat after 2023-05-16 08:13:51.121035+00:00
[2023-05-16 08:19:03,519] {manager.py:1065} INFO - Finding 'running' jobs without a recent heartbeat
[2023-05-16 08:19:03,529] {manager.py:1069} INFO - Failing jobs without heartbeat after 2023-05-16 08:14:03.529212+00:00
[2023-05-16 08:19:14,289] {manager.py:1065} INFO - Finding 'running' jobs without a recent heartbeat
[2023-05-16 08:19:14,290] {manager.py:1069} INFO - Failing jobs without heartbeat after 2023-05-16 08:14:14.290226+00:00
[2023-05-16 08:19:24,730] {manager.py:1065} INFO - Finding 'running' jobs without a recent heartbeat
[2023-05-16 08:19:24,731] {manager.py:1069} INFO - Failing jobs without heartbeat after 2023-05-16 08:14:24.731014+00:00
[2023-05-16 08:19:35,000] {manager.py:1065} INFO - Finding 'running' jobs without a recent heartbeat
[2023-05-16 08:19:35,016] {manager.py:1069} INFO - Failing jobs without heartbeat after 2023-05-16 08:14:35.016047+00:00
[2023-05-16 08:19:45,511] {manager.py:1065} INFO - Finding 'running' jobs without a recent heartbeat
[2023-05-16 08:19:45,531] {manager.py:1069} INFO - Failing jobs without heartbeat after 2023-05-16 08:14:45.531464+00:00
[2023-05-16 08:19:51,983] {manager.py:663} INFO - Searching for files in /opt/airflow/dags
[2023-05-16 08:19:52,102] {manager.py:666} INFO - There are 0 files in /opt/airflow/dags
[2023-05-16 08:20:01,052] {manager.py:1065} INFO - Finding 'running' jobs without a recent heartbeat
[2023-05-16 08:20:01,654] {manager.py:1069} INFO - Failing jobs without heartbeat after 2023-05-16 08:15:01.654808+00:00
[2023-05-16 08:20:12,641] {manager.py:1065} INFO - Finding 'running' jobs without a recent heartbeat
[2023-05-16 08:20:12,642] {manager.py:1069} INFO - Failing jobs without heartbeat after 2023-05-16 08:15:12.642387+00:00
[2023-05-16 08:20:22,813] {manager.py:1065} INFO - Finding 'running' jobs without a recent heartbeat
[2023-05-16 08:20:22,814] {manager.py:1069} INFO - Failing jobs without heartbeat after 2023-05-16 08:15:22.814738+00:00
[2023-05-16 08:20:33,113] {manager.py:1065} INFO - Finding 'running' jobs without a recent heartbeat
[2023-05-16 08:20:33,114] {manager.py:1069} INFO - Failing jobs without heartbeat after 2023-05-16 08:15:33.114784+00:00
[2023-05-16 08:20:43,321] {manager.py:1065} INFO - Finding 'running' jobs without a recent heartbeat
[2023-05-16 08:20:43,322] {manager.py:1069} INFO - Failing jobs without heartbeat after 2023-05-16 08:15:43.322189+00:00
[2023-05-16 08:20:53,795] {manager.py:1065} INFO - Finding 'running' jobs without a recent heartbeat
[2023-05-16 08:20:53,837] {manager.py:1069} INFO - Failing jobs without heartbeat after 2023-05-16 08:15:53.837171+00:00
[2023-05-16 08:21:04,161] {manager.py:1065} INFO - Finding 'running' jobs without a recent heartbeat
[2023-05-16 08:21:04,181] {manager.py:1069} INFO - Failing jobs without heartbeat after 2023-05-16 08:16:04.181810+00:00
[2023-05-16 08:21:14,745] {manager.py:1065} INFO - Finding 'running' jobs without a recent heartbeat
[2023-05-16 08:21:14,762] {manager.py:1069} INFO - Failing jobs without heartbeat after 2023-05-16 08:16:14.762621+00:00
[2023-05-16 08:21:27,186] {manager.py:1065} INFO - Finding 'running' jobs without a recent heartbeat
[2023-05-16 08:21:27,187] {manager.py:1069} INFO - Failing jobs without heartbeat after 2023-05-16 08:16:27.187611+00:00
[2023-05-16 08:21:37,475] {manager.py:1065} INFO - Finding 'running' jobs without a recent heartbeat
[2023-05-16 08:21:37,475] {manager.py:1069} INFO - Failing jobs without heartbeat after 2023-05-16 08:16:37.475512+00:00
[2023-05-16 08:21:48,333] {manager.py:1065} INFO - Finding 'running' jobs without a recent heartbeat
[2023-05-16 08:21:48,819] {manager.py:1069} INFO - Failing jobs without heartbeat after 2023-05-16 08:16:48.819443+00:00
[2023-05-16 08:22:06,939] {manager.py:1065} INFO - Finding 'running' jobs without a recent heartbeat
[2023-05-16 08:22:07,381] {manager.py:1069} INFO - Failing jobs without heartbeat after 2023-05-16 08:17:07.381134+00:00
[2023-05-16 08:22:26,430] {manager.py:1065} INFO - Finding 'running' jobs without a recent heartbeat
[2023-05-16 08:22:27,123] {manager.py:1069} INFO - Failing jobs without heartbeat after 2023-05-16 08:17:27.123687+00:00
[2023-05-16 08:22:38,148] {manager.py:1065} INFO - Finding 'running' jobs without a recent heartbeat
[2023-05-16 08:22:38,149] {manager.py:1069} INFO - Failing jobs without heartbeat after 2023-05-16 08:17:38.149766+00:00
[2023-05-16 08:22:48,388] {manager.py:1065} INFO - Finding 'running' jobs without a recent heartbeat
[2023-05-16 08:22:48,389] {manager.py:1069} INFO - Failing jobs without heartbeat after 2023-05-16 08:17:48.389337+00:00
[2023-05-16 08:22:58,851] {manager.py:1065} INFO - Finding 'running' jobs without a recent heartbeat
[2023-05-16 08:22:58,861] {manager.py:1069} INFO - Failing jobs without heartbeat after 2023-05-16 08:17:58.861686+00:00
[2023-05-16 08:23:09,062] {manager.py:1065} INFO - Finding 'running' jobs without a recent heartbeat
[2023-05-16 08:23:09,074] {manager.py:1069} INFO - Failing jobs without heartbeat after 2023-05-16 08:18:09.074809+00:00
[2023-05-16 08:23:21,620] {manager.py:1065} INFO - Finding 'running' jobs without a recent heartbeat
[2023-05-16 08:23:21,701] {manager.py:1069} INFO - Failing jobs without heartbeat after 2023-05-16 08:18:21.701859+00:00
[2023-05-16 08:23:34,023] {manager.py:1065} INFO - Finding 'running' jobs without a recent heartbeat
[2023-05-16 08:23:34,033] {manager.py:1069} INFO - Failing jobs without heartbeat after 2023-05-16 08:18:34.033697+00:00
[2023-05-16 08:23:45,985] {manager.py:1065} INFO - Finding 'running' jobs without a recent heartbeat
[2023-05-16 08:23:45,986] {manager.py:1069} INFO - Failing jobs without heartbeat after 2023-05-16 08:18:45.986451+00:00
[2023-05-16 08:23:56,379] {manager.py:1065} INFO - Finding 'running' jobs without a recent heartbeat
[2023-05-16 08:23:56,476] {manager.py:1069} INFO - Failing jobs without heartbeat after 2023-05-16 08:18:56.474463+00:00
[2023-05-16 08:24:29,595] {manager.py:1065} INFO - Finding 'running' jobs without a recent heartbeat
[2023-05-16 08:24:30,357] {manager.py:1069} INFO - Failing jobs without heartbeat after 2023-05-16 08:19:30.356816+00:00
[2023-05-16 08:25:05,365] {manager.py:663} INFO - Searching for files in /opt/airflow/dags
[2023-05-16 08:25:07,316] {manager.py:666} INFO - There are 0 files in /opt/airflow/dags
[2023-05-16 08:25:32,974] {manager.py:1065} INFO - Finding 'running' jobs without a recent heartbeat
[2023-05-16 08:25:33,053] {manager.py:1069} INFO - Failing jobs without heartbeat after 2023-05-16 08:20:33.053509+00:00
[2023-05-16 08:25:47,724] {manager.py:1065} INFO - Finding 'running' jobs without a recent heartbeat
[2023-05-16 08:25:47,726] {manager.py:1069} INFO - Failing jobs without heartbeat after 2023-05-16 08:20:47.726541+00:00
[2023-05-16 08:25:58,227] {manager.py:1065} INFO - Finding 'running' jobs without a recent heartbeat
[2023-05-16 08:25:58,259] {manager.py:1069} INFO - Failing jobs without heartbeat after 2023-05-16 08:20:58.259457+00:00
[2023-05-16 08:26:12,271] {manager.py:1065} INFO - Finding 'running' jobs without a recent heartbeat
[2023-05-16 08:26:12,308] {manager.py:1069} INFO - Failing jobs without heartbeat after 2023-05-16 08:21:12.306512+00:00
[2023-05-16 08:26:22,810] {manager.py:1065} INFO - Finding 'running' jobs without a recent heartbeat
[2023-05-16 08:26:22,841] {manager.py:1069} INFO - Failing jobs without heartbeat after 2023-05-16 08:21:22.833319+00:00
[2023-05-16 08:32:43,741] {manager.py:514} INFO - Processing files using up to 2 processes at a time 
[2023-05-16 08:32:44,434] {manager.py:515} INFO - Process each file at most once every 30 seconds
[2023-05-16 08:32:44,435] {manager.py:517} INFO - Checking for new files in /opt/airflow/dags every 300 seconds
[2023-05-16 08:32:44,463] {manager.py:663} INFO - Searching for files in /opt/airflow/dags
[2023-05-16 08:32:59,509] {manager.py:666} INFO - There are 0 files in /opt/airflow/dags
[2023-05-16 08:38:06,257] {manager.py:663} INFO - Searching for files in /opt/airflow/dags
[2023-05-16 08:38:12,465] {manager.py:666} INFO - There are 0 files in /opt/airflow/dags
